# motif	start	end	chr	feature	start	end	ID/description
AGTTGAGAATCAGTTGA	462533	462549	ChrI	gene	 461995	462651	ID=gene:WBGene00021026 description=Uncharacterized protein [Source:NCBI gene%3BAcc:171636]
AGTTGAGAATCAGTTGA	869127	869143	ChrI	gene	 853451	872827	ID=gene:WBGene00022388 description=DZF domain-containing protein [Source:NCBI gene%3BAcc:190806]
AGTTGAGAATCAGTTGA	996905	996921	ChrI	gene	 995781	1005640	ID=gene:WBGene00016932 description=Uncharacterized protein [Source:NCBI gene%3BAcc:183815]
AGTTGAGAATCAGTTGA	1314062	1314078	ChrI	gene	 1305562	1328648	ID=gene:WBGene00003400 description=Death-associated protein kinase dapk-1%3B Non-specific serine/threonine protein kinase [Source:NCBI gene%3BAcc:187322]
AGTTGAGAATCAGTTGA	1548064	1548080	ChrI	gene	 1543525	1556196	ID=gene:WBGene00022358 description=E3 ubiquitin-protein ligase%3B HECT-type E3 ubiquitin transferase [Source:NCBI gene%3BAcc:171719]
AGTTGAGAATCAGTTGA	2229063	2229079	ChrI	gene	 2223353	2233099	ID=gene:WBGene00001542 description=Receptor-type guanylate cyclase gcy-17 [Source:NCBI gene%3BAcc:191649]
AGTTGAGAATCAGTTGA	4068461	4068477	ChrI	gene	 4035702	4090885	ID=gene:WBGene00006820 description=Muscle M-line assembly protein unc-89 [Source:NCBI gene%3BAcc:171990]
AGTTGAGAATCAGTTGA	4085318	4085334	ChrI	gene	 4035702	4090885	ID=gene:WBGene00006820 description=Muscle M-line assembly protein unc-89 [Source:NCBI gene%3BAcc:171990]
AGTTGAGAATCAGTTGA	4332898	4332914	ChrI	gene	 4318033	4359092	ID=gene:WBGene00000140 description=KASH domain-containing protein%3B Nuclear anchorage protein 1 [Source:NCBI gene%3BAcc:172034]
AGTTGAGAATCAGTTGA	6386224	6386240	ChrI	gene	 6386149	6394350	ID=gene:WBGene00022592 description=KLUmpfuss related [Source:NCBI gene%3BAcc:172339]
AGTTGAGAATCAGTTGA	6404765	6404781	ChrI	gene	 6404587	6405705	ID=gene:WBGene00022591 description=Protein cuti-1 [Source:NCBI gene%3BAcc:172340]
AGTTGAGAATCAGTTGA	6961036	6961052	ChrI	gene	 6954414	6961139	ID=gene:WBGene00016260 description=Endoribonuclease rege-1 [Source:NCBI gene%3BAcc:172426]
AGTTGAGAATCAGTTGA	8192140	8192156	ChrI	gene	 8174888	8208742	ID=gene:WBGene00008570 description=CaMBD domain-containing protein [Source:NCBI gene%3BAcc:172602]
AGTTGAGAATCAGTTGA	8518416	8518432	ChrI	gene	 8517453	8526621	ID=gene:WBGene00010498 description=ANK_REP_REGION domain-containing protein [Source:NCBI gene%3BAcc:172642]
AGTTGAGAATCAGTTGA	8899639	8899655	ChrI	gene	 8897632	8901435	ID=gene:WBGene00006765 description=Acetylcholine receptor subunit beta-type unc-29 [Source:NCBI gene%3BAcc:172703]
AGTTGAGAATCAGTTGA	10922851	10922867	ChrI	gene	 10921408	10923587	ID=gene:WBGene00018626 description=FBA_2 domain-containing protein [Source:NCBI gene%3BAcc:186031]
AGTTGAGAATCAGTTGA	12075416	12075432	ChrI	gene	 12073072	12084225	ID=gene:WBGene00000544 description=Calpain catalytic domain-containing protein [Source:NCBI gene%3BAcc:173089]
AGTTGAGAATCAGTTGA	12105708	12105724	ChrI	gene	 12098664	12106112	ID=gene:WBGene00004509 description=RNA-directed RNA polymerase [Source:NCBI gene%3BAcc:173092]
AGTTGAGAATCAGTTGA	12367971	12367987	ChrI	gene	 12366335	12368619	ID=gene:WBGene00011655 description=Uncharacterized protein [Source:NCBI gene%3BAcc:188334]
